[NotebookApp | WARNING] No nbgrader_config.py file found (rerun with --debug to see where nbgrader is looking)
[NotebookApp | INFO] Loading the validate_assignment nbgrader serverextension
[NotebookApp | INFO] Serving notebooks from local directory: /Users/thiippal/Dropbox/Teaching/2018/ENG-3072 Computational Approaches to Language/repo/notebooks
[NotebookApp | INFO] The Jupyter Notebook is running at:
[NotebookApp | INFO] http://localhost:8888/?token=3e5778c10e504491799bfc1f4f60f52e29b82b1686e065f9
[NotebookApp | INFO] Use Control-C to stop this server and shut down all kernels (twice to skip confirmation).
[NotebookApp | CRITICAL] 
    
    To access the notebook, open this file in a browser:
        file:///Users/thiippal/Library/Jupyter/runtime/nbserver-15989-open.html
    Or copy and paste one of these URLs:
        http://localhost:8888/?token=3e5778c10e504491799bfc1f4f60f52e29b82b1686e065f9
[NotebookApp | INFO] Creating new notebook in 
[NotebookApp | INFO] Kernel started: e5477f44-b4a6-4697-91d2-b4b1df541197
[NotebookApp | INFO] Adapting to protocol v5.1 for kernel e5477f44-b4a6-4697-91d2-b4b1df541197
[NotebookApp | INFO] Saving file at /test_notebook.ipynb
[NotebookApp | INFO] Starting buffering for e5477f44-b4a6-4697-91d2-b4b1df541197:2d993b664f954e6586eca50b7851c639
[NotebookApp | WARNING] Forbidden
[NotebookApp | WARNING] 403 GET /api/terminals?_=1549274211533 (::1) 0.67ms referer=http://localhost:8888/tree
[NotebookApp | WARNING] Forbidden
[NotebookApp | WARNING] 403 GET /api/sessions?_=1549274211532 (::1) 0.65ms referer=http://localhost:8888/tree
[NotebookApp | INFO] interrupted
[NotebookApp | CRITICAL] received signal 2, stopping
[NotebookApp | INFO] Shutting down 1 kernel
[NotebookApp | INFO] Kernel shutdown: e5477f44-b4a6-4697-91d2-b4b1df541197
